

HI-TECH Software 8051 Macro Assembler V9.60                                Page 1
                                                       Tue Jun 07 21:12:01 2022

     1                           	psect	idata,class=DATA,space=1,limit=080h
     2                           	psect	irdata,class=DATA,limit=080h
     3                           	global	_main
     4                           	signat	_main,88
     5                           	global	stack_internal
     6                           	psect	text,class=CODE
     7                           	psect	text
     8                           	file	"D:\Other\Multisim11.0.2\Projects\Practica
                                 2\Practica2\main.c"
     9                           	line	4
    10  0010A                     _main:
    11  0010A  02 0260            	j	f1411
    12  0010D                     f1410:
    13                           ;main.c: 3: void main()
    14                           
    15                           ;main.c: 4: {
    16                           
    17                           ;	var   _i assigned to ?a_main+0
    18                           	psect	data,class=CODE
    19                           	psect	data
    20  00100                     F157:
    21  00100  C0                 	db	(192)
    22  00101  F9                 	db	(249)
    23  00102  A4                 	db	(164)
    24  00103  B0                 	db	(176)
    25  00104  99                 	db	(153)
    26  00105  92                 	db	(146)
    27  00106  82                 	db	(130)
    28  00107  F8                 	db	(248)
    29  00108  80                 	db	(128)
    30  00109  90                 	db	(144)
    31                           ;	var   _massiv assigned to ?a_main+1
    32                           ;main.c: 5: unsigned char i;
    33                           
    34                           ;main.c: 6: unsigned char massiv [10] = {0xC0, 0
                                 xF9, 0xA4, 0xB0, 0x99, 0x92, 0x82, 0xF8, 0x80, 0
                                 x90};
    35                           
    36                           	psect	text
    37                           	line	6
    38  0010D  78 01              	mov	r0,#high (F157)
    39  0010F  79 00              	mov	r1,#low (F157)
    40  00111  7A 00              	mov	r2,#high (?a_main+1)
    41  00113  7B 21              	mov	r3,#low (?a_main+1)
    42  00115  7D 0A              	mov	r5,#low 10
    43  00117  7C 00              	mov	r4,#high 10
    44                           	global	str_copy
    45  00119  12 0019            	lcall	str_copy
    46                           ;main.c: 8: while(1)
    47                           
    48                           	line	8
    49  0011C                     l5:
    50                           ;main.c: 9: {
    51                           
    52                           ;main.c: 10: P2 = 0x92;
    53                           
    54                           	line	10
    55  0011C  75 A0 92           	mov	0A0h,#146
    56                           ;main.c: 11: for(i=0;i<200;i++)
    57                           
    58                           	line	11
    59  0011F  75 20  00          	mov	?a_main+0,#0
    60  00122  E5 20              	mov	a,?a_main+0
    61  00124  24 38              	add	a,#--56
    62  00126  50 02              	bnc	u11
    63  00128  80 02              	jmp	u10
    64  0012A                     u11:
    65  0012A  80 02              	jmp	l7
    66  0012C                     u10:
    67  0012C  80 0E              	jmp	l8
    68                           	line	12
    69  0012E                     l7:
    70                           ;main.c: 12: continue;
    71                           
    72  0012E  80 00              	jmp	l9
    73                           	line	11
    74  00130                     l9:
    75  00130  05 20              	inc	?a_main+0
    76  00132  E5 20              	mov	a,?a_main+0
    77  00134  24 38              	add	a,#--56
    78  00136  50 02              	bnc	u21
    79  00138  80 02              	jmp	u20
    80  0013A                     u21:
    81  0013A  80 F2              	jmp	l7
    82  0013C                     u20:
    83  0013C                     l8:
    84                           ;main.c: 13: P2 = 0x99;
    85                           
    86                           	line	13
    87  0013C  75 A0 99           	mov	0A0h,#153
    88                           ;main.c: 14: for(i=0;i<200;i++)
    89                           
    90                           	line	14
    91  0013F  75 20  00          	mov	?a_main+0,#0
    92  00142  E5 20              	mov	a,?a_main+0
    93  00144  24 38              	add	a,#--56
    94  00146  50 02              	bnc	u31
    95  00148  80 02              	jmp	u30
    96  0014A                     u31:
    97  0014A  80 02              	jmp	l10
    98  0014C                     u30:
    99  0014C  80 0E              	jmp	l11
   100                           	line	15
   101  0014E                     l10:
   102                           ;main.c: 15: continue;
   103                           
   104  0014E  80 00              	jmp	l12
   105                           	line	14
   106  00150                     l12:
   107  00150  05 20              	inc	?a_main+0
   108  00152  E5 20              	mov	a,?a_main+0
   109  00154  24 38              	add	a,#--56
   110  00156  50 02              	bnc	u41
   111  00158  80 02              	jmp	u40
   112  0015A                     u41:
   113  0015A  80 F2              	jmp	l10
   114  0015C                     u40:
   115  0015C                     l11:
   116                           ;main.c: 16: P2 = 0x82;
   117                           
   118                           	line	16
   119  0015C  75 A0 82           	mov	0A0h,#130
   120                           ;main.c: 17: for(i=0;i<200;i++)
   121                           
   122                           	line	17
   123  0015F  75 20  00          	mov	?a_main+0,#0
   124  00162  E5 20              	mov	a,?a_main+0
   125  00164  24 38              	add	a,#--56
   126  00166  50 02              	bnc	u51
   127  00168  80 02              	jmp	u50
   128  0016A                     u51:
   129  0016A  80 02              	jmp	l13
   130  0016C                     u50:
   131  0016C  80 0E              	jmp	l14
   132                           	line	18
   133  0016E                     l13:
   134                           ;main.c: 18: continue;
   135                           
   136  0016E  80 00              	jmp	l15
   137                           	line	17
   138  00170                     l15:
   139  00170  05 20              	inc	?a_main+0
   140  00172  E5 20              	mov	a,?a_main+0
   141  00174  24 38              	add	a,#--56
   142  00176  50 02              	bnc	u61
   143  00178  80 02              	jmp	u60
   144  0017A                     u61:
   145  0017A  80 F2              	jmp	l13
   146  0017C                     u60:
   147  0017C                     l14:
   148                           ;main.c: 19: P2 = 0xB0;
   149                           
   150                           	line	19
   151  0017C  75 A0 B0           	mov	0A0h,#176
   152                           ;main.c: 20: for(i=0;i<200;i++)
   153                           
   154                           	line	20
   155  0017F  75 20  00          	mov	?a_main+0,#0
   156  00182  E5 20              	mov	a,?a_main+0
   157  00184  24 38              	add	a,#--56
   158  00186  50 02              	bnc	u71
   159  00188  80 02              	jmp	u70
   160  0018A                     u71:
   161  0018A  80 02              	jmp	l16
   162  0018C                     u70:
   163  0018C  80 0E              	jmp	l17
   164                           	line	21
   165  0018E                     l16:
   166                           ;main.c: 21: continue;
   167                           
   168  0018E  80 00              	jmp	l18
   169                           	line	20
   170  00190                     l18:
   171  00190  05 20              	inc	?a_main+0
   172  00192  E5 20              	mov	a,?a_main+0
   173  00194  24 38              	add	a,#--56
   174  00196  50 02              	bnc	u81
   175  00198  80 02              	jmp	u80
   176  0019A                     u81:
   177  0019A  80 F2              	jmp	l16
   178  0019C                     u80:
   179  0019C                     l17:
   180                           ;main.c: 22: P2 = 0xF8;
   181                           
   182                           	line	22
   183  0019C  75 A0 F8           	mov	0A0h,#248
   184                           ;main.c: 23: for(i=0;i<200;i++)
   185                           
   186                           	line	23
   187  0019F  75 20  00          	mov	?a_main+0,#0
   188  001A2  E5 20              	mov	a,?a_main+0
   189  001A4  24 38              	add	a,#--56
   190  001A6  50 02              	bnc	u91
   191  001A8  80 02              	jmp	u90
   192  001AA                     u91:
   193  001AA  80 02              	jmp	l19
   194  001AC                     u90:
   195  001AC  80 0E              	jmp	l20
   196                           	line	24
   197  001AE                     l19:
   198                           ;main.c: 24: continue;
   199                           
   200  001AE  80 00              	jmp	l21
   201                           	line	23
   202  001B0                     l21:
   203  001B0  05 20              	inc	?a_main+0
   204  001B2  E5 20              	mov	a,?a_main+0
   205  001B4  24 38              	add	a,#--56
   206  001B6  50 02              	bnc	u101
   207  001B8  80 02              	jmp	u100
   208  001BA                     u101:
   209  001BA  80 F2              	jmp	l19
   210  001BC                     u100:
   211  001BC                     l20:
   212                           ;main.c: 25: P2 = 0xA4;
   213                           
   214                           	line	25
   215  001BC  75 A0 A4           	mov	0A0h,#164
   216                           ;main.c: 26: for(i=0;i<200;i++)
   217                           
   218                           	line	26
   219  001BF  75 20  00          	mov	?a_main+0,#0
   220  001C2  E5 20              	mov	a,?a_main+0
   221  001C4  24 38              	add	a,#--56
   222  001C6  50 02              	bnc	u111
   223  001C8  80 02              	jmp	u110
   224  001CA                     u111:
   225  001CA  80 02              	jmp	l22
   226  001CC                     u110:
   227  001CC  80 0E              	jmp	l23
   228                           	line	27
   229  001CE                     l22:
   230                           ;main.c: 27: continue;
   231                           
   232  001CE  80 00              	jmp	l24
   233                           	line	26
   234  001D0                     l24:
   235  001D0  05 20              	inc	?a_main+0
   236  001D2  E5 20              	mov	a,?a_main+0
   237  001D4  24 38              	add	a,#--56
   238  001D6  50 02              	bnc	u121
   239  001D8  80 02              	jmp	u120
   240  001DA                     u121:
   241  001DA  80 F2              	jmp	l22
   242  001DC                     u120:
   243  001DC                     l23:
   244                           ;main.c: 28: P2 = 0x80;
   245                           
   246                           	line	28
   247  001DC  75 A0 80           	mov	0A0h,#128
   248                           ;main.c: 29: for(i=0;i<200;i++)
   249                           
   250                           	line	29
   251  001DF  75 20  00          	mov	?a_main+0,#0
   252  001E2  E5 20              	mov	a,?a_main+0
   253  001E4  24 38              	add	a,#--56
   254  001E6  50 02              	bnc	u131
   255  001E8  80 02              	jmp	u130
   256  001EA                     u131:
   257  001EA  80 02              	jmp	l25
   258  001EC                     u130:
   259  001EC  80 0E              	jmp	l26
   260                           	line	30
   261  001EE                     l25:
   262                           ;main.c: 30: continue;
   263                           
   264  001EE  80 00              	jmp	l27
   265                           	line	29
   266  001F0                     l27:
   267  001F0  05 20              	inc	?a_main+0
   268  001F2  E5 20              	mov	a,?a_main+0
   269  001F4  24 38              	add	a,#--56
   270  001F6  50 02              	bnc	u141
   271  001F8  80 02              	jmp	u140
   272  001FA                     u141:
   273  001FA  80 F2              	jmp	l25
   274  001FC                     u140:
   275  001FC                     l26:
   276                           ;main.c: 31: P2 = 0xF9;
   277                           
   278                           	line	31
   279  001FC  75 A0 F9           	mov	0A0h,#249
   280                           ;main.c: 32: for(i=0;i<200;i++)
   281                           
   282                           	line	32
   283  001FF  75 20  00          	mov	?a_main+0,#0
   284  00202  E5 20              	mov	a,?a_main+0
   285  00204  24 38              	add	a,#--56
   286  00206  50 02              	bnc	u151
   287  00208  80 02              	jmp	u150
   288  0020A                     u151:
   289  0020A  80 02              	jmp	l28
   290  0020C                     u150:
   291  0020C  80 0E              	jmp	l29
   292                           	line	33
   293  0020E                     l28:
   294                           ;main.c: 33: continue;
   295                           
   296  0020E  80 00              	jmp	l30
   297                           	line	32
   298  00210                     l30:
   299  00210  05 20              	inc	?a_main+0
   300  00212  E5 20              	mov	a,?a_main+0
   301  00214  24 38              	add	a,#--56
   302  00216  50 02              	bnc	u161
   303  00218  80 02              	jmp	u160
   304  0021A                     u161:
   305  0021A  80 F2              	jmp	l28
   306  0021C                     u160:
   307  0021C                     l29:
   308                           ;main.c: 34: P2 = 0x90;
   309                           
   310                           	line	34
   311  0021C  75 A0 90           	mov	0A0h,#144
   312                           ;main.c: 35: for(i=0;i<200;i++)
   313                           
   314                           	line	35
   315  0021F  75 20  00          	mov	?a_main+0,#0
   316  00222  E5 20              	mov	a,?a_main+0
   317  00224  24 38              	add	a,#--56
   318  00226  50 02              	bnc	u171
   319  00228  80 02              	jmp	u170
   320  0022A                     u171:
   321  0022A  80 02              	jmp	l31
   322  0022C                     u170:
   323  0022C  80 0E              	jmp	l32
   324                           	line	36
   325  0022E                     l31:
   326                           ;main.c: 36: continue;
   327                           
   328  0022E  80 00              	jmp	l33
   329                           	line	35
   330  00230                     l33:
   331  00230  05 20              	inc	?a_main+0
   332  00232  E5 20              	mov	a,?a_main+0
   333  00234  24 38              	add	a,#--56
   334  00236  50 02              	bnc	u181
   335  00238  80 02              	jmp	u180
   336  0023A                     u181:
   337  0023A  80 F2              	jmp	l31
   338  0023C                     u180:
   339  0023C                     l32:
   340                           ;main.c: 37: P2 = 0xC0;
   341                           
   342                           	line	37
   343  0023C  75 A0 C0           	mov	0A0h,#192
   344                           ;main.c: 38: for(i=0;i<200;i++)
   345                           
   346                           	line	38
   347  0023F  75 20  00          	mov	?a_main+0,#0
   348  00242  E5 20              	mov	a,?a_main+0
   349  00244  24 38              	add	a,#--56
   350  00246  50 02              	bnc	u191
   351  00248  80 02              	jmp	u190
   352  0024A                     u191:
   353  0024A  80 02              	jmp	l34
   354  0024C                     u190:
   355  0024C  80 0E              	jmp	l35
   356                           	line	39
   357  0024E                     l34:
   358                           ;main.c: 39: continue;
   359                           
   360  0024E  80 00              	jmp	l36
   361                           	line	38
   362  00250                     l36:
   363  00250  05 20              	inc	?a_main+0
   364  00252  E5 20              	mov	a,?a_main+0
   365  00254  24 38              	add	a,#--56
   366  00256  50 02              	bnc	u201
   367  00258  80 02              	jmp	u200
   368  0025A                     u201:
   369  0025A  80 F2              	jmp	l34
   370  0025C                     u200:
   371  0025C                     l35:
   372                           	line	40
   373  0025C                     l4:
   374                           	line	8
   375  0025C  02 011C            	jmp	l5
   376  0025F                     l6:
   377                           ;main.c: 40: }
   378                           
   379                           ;main.c: 41: }
   380                           
   381                           	line	41
   382  0025F                     l3:
   383  0025F  22                 	ret
   384  00260                     f1411:
   385  00260  02 010D            	j	f1410
   386                           	FNSIZE	_main,11,0
   387                           	global	?a_main
   388  0000                     f1412	equ	0
   389  0000                     _A10	equ	162
   390  0000                     _A11	equ	163
   391  0000                     _A12	equ	164
   392  0000                     _A13	equ	165
   393  0000                     _A14	equ	166
   394  0000                     _A15	equ	167
   395  0000                     _A8	equ	160
   396  0000                     _A9	equ	161
   397  0000                     _AC	equ	214
   398  0000                     _ACC0	equ	224
   399  0000                     _ACC1	equ	225
   400  0000                     _ACC2	equ	226
   401  0000                     _ACC3	equ	227
   402  0000                     _ACC4	equ	228
   403  0000                     _ACC5	equ	229
   404  0000                     _ACC6	equ	230
   405  0000                     _ACC7	equ	231
   406  0000                     _AD0	equ	128
   407  0000                     _AD1	equ	129
   408  0000                     _AD2	equ	130
   409  0000                     _AD3	equ	131
   410  0000                     _AD4	equ	132
   411  0000                     _AD5	equ	133
   412  0000                     _AD6	equ	134
   413  0000                     _AD7	equ	135
   414  0000                     _B0	equ	240
   415  0000                     _B1	equ	241
   416  0000                     _B2	equ	242
   417  0000                     _B3	equ	243
   418  0000                     _B4	equ	244
   419  0000                     _B5	equ	245
   420  0000                     _B6	equ	246
   421  0000                     _B7	equ	247
   422  0000                     _CY	equ	215
   423  0000                     _EA	equ	175
   424  0000                     _ES	equ	172
   425  0000                     _ET0	equ	169
   426  0000                     _ET1	equ	171
   427  0000                     _EX0	equ	168
   428  0000                     _EX1	equ	170
   429  0000                     _F0	equ	213
   430  0000                     _IE0	equ	137
   431  0000                     _IE1	equ	139
   432  0000                     _INT0	equ	178
   433  0000                     _INT1	equ	179
   434  0000                     _IT0	equ	136
   435  0000                     _IT1	equ	138
   436  0000                     _OV	equ	210
   437  0000                     _P	equ	208
   438  0000                     _P00	equ	128
   439  0000                     _P01	equ	129
   440  0000                     _P02	equ	130
   441  0000                     _P03	equ	131
   442  0000                     _P04	equ	132
   443  0000                     _P05	equ	133
   444  0000                     _P06	equ	134
   445  0000                     _P07	equ	135
   446  0000                     _P10	equ	144
   447  0000                     _P11	equ	145
   448  0000                     _P12	equ	146
   449  0000                     _P13	equ	147
   450  0000                     _P14	equ	148
   451  0000                     _P15	equ	149
   452  0000                     _P16	equ	150
   453  0000                     _P17	equ	151
   454  0000                     _P20	equ	160
   455  0000                     _P21	equ	161
   456  0000                     _P22	equ	162
   457  0000                     _P23	equ	163
   458  0000                     _P24	equ	164
   459  0000                     _P25	equ	165
   460  0000                     _P26	equ	166
   461  0000                     _P27	equ	167
   462  0000                     _P30	equ	176
   463  0000                     _P31	equ	177
   464  0000                     _P32	equ	178
   465  0000                     _P33	equ	179
   466  0000                     _P34	equ	180
   467  0000                     _P35	equ	181
   468  0000                     _P36	equ	182
   469  0000                     _P37	equ	183
   470  0000                     _PS	equ	188
   471  0000                     _PT0	equ	185
   472  0000                     _PT1	equ	187
   473  0000                     _PX0	equ	184
   474  0000                     _PX1	equ	186
   475  0000                     _RB8	equ	154
   476  0000                     _RD	equ	183
   477  0000                     _REN	equ	156
   478  0000                     _RI	equ	152
   479  0000                     _RS0	equ	211
   480  0000                     _RS1	equ	212
   481  0000                     _RXD	equ	176
   482  0000                     _SM0	equ	159
   483  0000                     _SM1	equ	158
   484  0000                     _SM2	equ	157
   485  0000                     _T0	equ	180
   486  0000                     _T1	equ	181
   487  0000                     _TB8	equ	155
   488  0000                     _TF0	equ	141
   489  0000                     _TF1	equ	143
   490  0000                     _TI	equ	153
   491  0000                     _TR0	equ	140
   492  0000                     _TR1	equ	142
   493  0000                     _TXD	equ	177
   494  0000                     _WR	equ	182
   495  0000                     _ACC	equ	224
   496  0000                     _B	equ	240
   497  0000                     _DPH	equ	131
   498  0000                     _DPL	equ	130
   499  0000                     _IE	equ	168
   500  0000                     _IP	equ	184
   501  0000                     _P0	equ	128
   502  0000                     _P1	equ	144
   503  0000                     _P2	equ	160
   504  0000                     _P3	equ	176
   505  0000                     _PCON	equ	135
   506  0000                     _PSW	equ	208
   507  0000                     _SBUF	equ	153
   508  0000                     _SCON	equ	152
   509  0000                     _SP	equ	129
   510  0000                     _TCON	equ	136
   511  0000                     _TH0	equ	140
   512  0000                     _TH1	equ	141
   513  0000                     _TL0	equ	138
   514  0000                     _TL1	equ	139
   515  0000                     _TMOD	equ	137
   516  0000                     _ACC_BITS	equ	224
   517  0000                     _B_BITS	equ	240
   518  0000                     _IE_BITS	equ	168
   519  0000                     _IP_BITS	equ	184
   520  0000                     _P0_BITS	equ	128
   521  0000                     _P1_BITS	equ	144
   522  0000                     _P2_BITS	equ	160
   523  0000                     _P3_BITS	equ	176
   524  0000                     _PCON_BITS	equ	135
   525  0000                     _PSW_BITS	equ	208
   526  0000                     _SCON_BITS	equ	152
   527  0000                     _TCON_BITS	equ	136
   528  0000                     _TMOD_BITS	equ	137


HI-TECH Software 8051 Macro Assembler V9.60                                Page 2
Symbol Table                                           Tue Jun 07 21:12:01 2022

       ?a_main 00020              _B 000F0              l3 0025F  
            l4 0025C              l5 0011C              _P 000D0  
            l6 0025F              l7 0012E              l8 0013C  
            l9 00130             _B0 000F0             _B1 000F1  
           _B2 000F2             _B3 000F3             _B4 000F4  
           _B5 000F5             _B6 000F6             _A8 000A0  
           _B7 000F7             _A9 000A1             _F0 000D5  
           _AC 000D6             l10 0014E             l11 0015C  
           l20 001BC             l12 00150             l21 001B0  
           l13 0016E             l30 00210             l22 001CE  
           l14 0017C             _EA 000AF             l31 0022E  
           l23 001DC             l15 00170             l32 0023C  
           l24 001D0             l16 0018E             l33 00230  
           l25 001EE             l17 0019C             l34 0024E  
           l26 001FC             l18 00190             l35 0025C  
           l27 001F0             l19 001AE             _P0 00080  
           l36 00250             l28 0020E             _P1 00090  
           l29 0021C             _P2 000A0             _P3 000B0  
           _IE 000A8             _T0 000B4             _T1 000B5  
           _ES 000AC             _CY 000D7             _IP 000B8  
           _RD 000B7             u10 0012C             u11 0012A  
           u20 0013C             _RI 00098             u21 0013A  
           u30 0014C             u31 0014A             u40 0015C  
           _TI 00099             u41 0015A             u50 0016C  
           _PS 000BC             u51 0016A             _OV 000D2  
           u60 0017C             u61 0017A             _SP 00081  
           u70 0018C             u71 0018A             u80 0019C  
           u81 0019A             u90 001AC             u91 001AA  
           _WR 000B6         _B_BITS 000F0            F157 00100  
          _A10 000A2            _A11 000A3            _A12 000A4  
          _A13 000A5            _A14 000A6            _A15 000A7  
          _AD0 00080            _AD1 00081            _AD2 00082  
          _AD3 00083            _AD4 00084            _AD5 00085  
          _AD6 00086            _AD7 00087            _ACC 000E0  
          _P00 00080            _P01 00081            _P10 00090  
          _P02 00082            _P11 00091            _P03 00083  
          _P20 000A0            _P12 00092            _P04 00084  
          _P21 000A1            _P13 00093            _P05 00085  
          _P30 000B0            _P22 000A2            _P14 00094  
          _P06 00086            _P31 000B1            _P23 000A3  
          _P15 00095            _P07 00087            _P32 000B2  
          _P24 000A4            _P16 00096            _P33 000B3  
          _P25 000A5            _P17 00097            _P34 000B4  
          _P26 000A6            _P35 000B5            _P27 000A7  
          _P36 000B6            _P37 000B7            _IE0 00089  
          _IE1 0008B            _ET0 000A9            _ET1 000AB  
          _EX0 000A8            _EX1 000AA            _DPH 00083  
          _DPL 00082            _IT0 00088            _IT1 0008A  
          _RB8 0009A            u100 001BC            u101 001BA  
          u110 001CC            u111 001CA            u200 0025C  
          u120 001DC            u201 0025A            u121 001DA  
          u130 001EC            u131 001EA            _TF0 0008D  
          _TB8 0009B            u140 001FC            _TF1 0008F  
          u141 001FA            u150 0020C            u151 0020A  
          _TH0 0008C            u160 0021C            _TH1 0008D  
          u161 0021A            u170 0022C            u171 0022A  
          u180 0023C            u181 0023A            _SM0 0009F  
          u190 0024C            _SM1 0009E            u191 0024A  
          _TL0 0008A            _SM2 0009D            _PT0 000B9  
          _TL1 0008B            _PT1 000BB            _RS0 000D3  
          _RS1 000D4            _REN 0009C            _PX0 000B8  
          _PX1 000BA            _TR0 0008C            _TR1 0008E  
          _RXD 000B0            _PSW 000D0            _TXD 000B1  
      _P0_BITS 00080        _P1_BITS 00090        _P2_BITS 000A0  
      _P3_BITS 000B0        _IE_BITS 000A8       _ACC_BITS 000E0  
      _IP_BITS 000B8           f1410 0010D           f1411 00260  
         f1412 00000           _ACC0 000E0           _ACC1 000E1  
         _ACC2 000E2           _ACC3 000E3           _ACC4 000E4  
         _ACC5 000E5           _ACC6 000E6           _ACC7 000E7  
stack_internal 00001           _INT0 000B2           _INT1 000B3  
         _PCON 00087           _SCON 00098           _SBUF 00099  
         _TCON 00088           _TMOD 00089           _main 0010A  
     _PSW_BITS 000D0      _PCON_BITS 00087      _SCON_BITS 00098  
    _TCON_BITS 00088        str_copy 00019      _TMOD_BITS 00089  
